  ball_ball_collision.cpp
E:\2024학년도\2024_강의\2024_가을학기\2024_02_딥러닝기초\강의자료\2024_딥러닝기초_강의자료\01_BallBallCollision\Ball_Ball_Collision\Ball_Ball_Collision\ball_ball_collision.cpp(63,25): warning C4305: '인수': 'double'에서 'GLclampf'(으)로 잘립니다.
E:\2024학년도\2024_강의\2024_가을학기\2024_02_딥러닝기초\강의자료\2024_딥러닝기초_강의자료\01_BallBallCollision\Ball_Ball_Collision\Ball_Ball_Collision\ball_ball_collision.cpp(63,20): warning C4305: '인수': 'double'에서 'GLclampf'(으)로 잘립니다.
E:\2024학년도\2024_강의\2024_가을학기\2024_02_딥러닝기초\강의자료\2024_딥러닝기초_강의자료\01_BallBallCollision\Ball_Ball_Collision\Ball_Ball_Collision\ball_ball_collision.cpp(69,19): warning C4244: '=': 'double'에서 'float'(으)로 변환하면서 데이터가 손실될 수 있습니다.
E:\2024학년도\2024_강의\2024_가을학기\2024_02_딥러닝기초\강의자료\2024_딥러닝기초_강의자료\01_BallBallCollision\Ball_Ball_Collision\Ball_Ball_Collision\ball_ball_collision.cpp(71,20): warning C4244: '=': 'double'에서 'float'(으)로 변환하면서 데이터가 손실될 수 있습니다.
E:\2024학년도\2024_강의\2024_가을학기\2024_02_딥러닝기초\강의자료\2024_딥러닝기초_강의자료\01_BallBallCollision\Ball_Ball_Collision\Ball_Ball_Collision\ball_ball_collision.cpp(72,20): warning C4244: '=': 'double'에서 'float'(으)로 변환하면서 데이터가 손실될 수 있습니다.
E:\2024학년도\2024_강의\2024_가을학기\2024_02_딥러닝기초\강의자료\2024_딥러닝기초_강의자료\01_BallBallCollision\Ball_Ball_Collision\Ball_Ball_Collision\ball_ball_collision.cpp(75,24): warning C4244: '=': 'double'에서 'float'(으)로 변환하면서 데이터가 손실될 수 있습니다.
E:\2024학년도\2024_강의\2024_가을학기\2024_02_딥러닝기초\강의자료\2024_딥러닝기초_강의자료\01_BallBallCollision\Ball_Ball_Collision\Ball_Ball_Collision\ball_ball_collision.cpp(76,26): warning C4244: '=': 'double'에서 'float'(으)로 변환하면서 데이터가 손실될 수 있습니다.
E:\2024학년도\2024_강의\2024_가을학기\2024_02_딥러닝기초\강의자료\2024_딥러닝기초_강의자료\01_BallBallCollision\Ball_Ball_Collision\Ball_Ball_Collision\ball_ball_collision.cpp(77,27): warning C4244: '=': 'double'에서 'float'(으)로 변환하면서 데이터가 손실될 수 있습니다.
E:\2024학년도\2024_강의\2024_가을학기\2024_02_딥러닝기초\강의자료\2024_딥러닝기초_강의자료\01_BallBallCollision\Ball_Ball_Collision\Ball_Ball_Collision\ball_ball_collision.cpp(79,19): warning C4244: '=': 'double'에서 'float'(으)로 변환하면서 데이터가 손실될 수 있습니다.
E:\2024학년도\2024_강의\2024_가을학기\2024_02_딥러닝기초\강의자료\2024_딥러닝기초_강의자료\01_BallBallCollision\Ball_Ball_Collision\Ball_Ball_Collision\ball_ball_collision.cpp(83,29): warning C4244: '=': 'double'에서 'float'(으)로 변환하면서 데이터가 손실될 수 있습니다.
E:\2024학년도\2024_강의\2024_가을학기\2024_02_딥러닝기초\강의자료\2024_딥러닝기초_강의자료\01_BallBallCollision\Ball_Ball_Collision\Ball_Ball_Collision\ball_ball_collision.cpp(84,40): warning C4244: '=': 'double'에서 'float'(으)로 변환하면서 데이터가 손실될 수 있습니다.
E:\2024학년도\2024_강의\2024_가을학기\2024_02_딥러닝기초\강의자료\2024_딥러닝기초_강의자료\01_BallBallCollision\Ball_Ball_Collision\Ball_Ball_Collision\ball_ball_collision.cpp(85,40): warning C4244: '=': 'double'에서 'float'(으)로 변환하면서 데이터가 손실될 수 있습니다.
E:\2024학년도\2024_강의\2024_가을학기\2024_02_딥러닝기초\강의자료\2024_딥러닝기초_강의자료\01_BallBallCollision\Ball_Ball_Collision\Ball_Ball_Collision\ball_ball_collision.cpp(86,72): warning C4244: '=': 'double'에서 'float'(으)로 변환하면서 데이터가 손실될 수 있습니다.
E:\2024학년도\2024_강의\2024_가을학기\2024_02_딥러닝기초\강의자료\2024_딥러닝기초_강의자료\01_BallBallCollision\Ball_Ball_Collision\Ball_Ball_Collision\ball_ball_collision.cpp(87,72): warning C4244: '=': 'double'에서 'float'(으)로 변환하면서 데이터가 손실될 수 있습니다.
E:\2024학년도\2024_강의\2024_가을학기\2024_02_딥러닝기초\강의자료\2024_딥러닝기초_강의자료\01_BallBallCollision\Ball_Ball_Collision\Ball_Ball_Collision\ball_ball_collision.cpp(88,24): warning C4244: '=': 'double'에서 'float'(으)로 변환하면서 데이터가 손실될 수 있습니다.
E:\2024학년도\2024_강의\2024_가을학기\2024_02_딥러닝기초\강의자료\2024_딥러닝기초_강의자료\01_BallBallCollision\Ball_Ball_Collision\Ball_Ball_Collision\ball_ball_collision.cpp(93,27): warning C4305: '*=': 'double'에서 'float'(으)로 잘립니다.
E:\2024학년도\2024_강의\2024_가을학기\2024_02_딥러닝기초\강의자료\2024_딥러닝기초_강의자료\01_BallBallCollision\Ball_Ball_Collision\Ball_Ball_Collision\ball_ball_collision.cpp(94,27): warning C4305: '*=': 'double'에서 'float'(으)로 잘립니다.
E:\2024학년도\2024_강의\2024_가을학기\2024_02_딥러닝기초\강의자료\2024_딥러닝기초_강의자료\01_BallBallCollision\Ball_Ball_Collision\Ball_Ball_Collision\ball_ball_collision.cpp(148,17): warning C4244: '=': 'double'에서 'float'(으)로 변환하면서 데이터가 손실될 수 있습니다.
E:\2024학년도\2024_강의\2024_가을학기\2024_02_딥러닝기초\강의자료\2024_딥러닝기초_강의자료\01_BallBallCollision\Ball_Ball_Collision\Ball_Ball_Collision\ball_ball_collision.cpp(151,18): warning C4244: '=': 'double'에서 'float'(으)로 변환하면서 데이터가 손실될 수 있습니다.
E:\2024학년도\2024_강의\2024_가을학기\2024_02_딥러닝기초\강의자료\2024_딥러닝기초_강의자료\01_BallBallCollision\Ball_Ball_Collision\Ball_Ball_Collision\ball_ball_collision.cpp(168,32): warning C4244: '=': 'double'에서 'float'(으)로 변환하면서 데이터가 손실될 수 있습니다.
E:\2024학년도\2024_강의\2024_가을학기\2024_02_딥러닝기초\강의자료\2024_딥러닝기초_강의자료\01_BallBallCollision\Ball_Ball_Collision\Ball_Ball_Collision\ball_ball_collision.cpp(169,32): warning C4244: '=': 'double'에서 'float'(으)로 변환하면서 데이터가 손실될 수 있습니다.
E:\2024학년도\2024_강의\2024_가을학기\2024_02_딥러닝기초\강의자료\2024_딥러닝기초_강의자료\01_BallBallCollision\Ball_Ball_Collision\Ball_Ball_Collision\ball_ball_collision.cpp(171,32): warning C4244: '=': 'double'에서 'float'(으)로 변환하면서 데이터가 손실될 수 있습니다.
E:\2024학년도\2024_강의\2024_가을학기\2024_02_딥러닝기초\강의자료\2024_딥러닝기초_강의자료\01_BallBallCollision\Ball_Ball_Collision\Ball_Ball_Collision\ball_ball_collision.cpp(172,32): warning C4244: '=': 'double'에서 'float'(으)로 변환하면서 데이터가 손실될 수 있습니다.
E:\2024학년도\2024_강의\2024_가을학기\2024_02_딥러닝기초\강의자료\2024_딥러닝기초_강의자료\01_BallBallCollision\Ball_Ball_Collision\Ball_Ball_Collision\ball_ball_collision.cpp(230,28): warning C4305: '*=': 'double'에서 'float'(으)로 잘립니다.
E:\2024학년도\2024_강의\2024_가을학기\2024_02_딥러닝기초\강의자료\2024_딥러닝기초_강의자료\01_BallBallCollision\Ball_Ball_Collision\Ball_Ball_Collision\ball_ball_collision.cpp(231,28): warning C4305: '*=': 'double'에서 'float'(으)로 잘립니다.
E:\2024학년도\2024_강의\2024_가을학기\2024_02_딥러닝기초\강의자료\2024_딥러닝기초_강의자료\01_BallBallCollision\Ball_Ball_Collision\Ball_Ball_Collision\ball_ball_collision.cpp(250,6): warning C4326: 'main'의 반환 형식이 'int'이어야 하는데 'void'입니다.
  Ball_Ball_Collision.vcxproj -> E:\2024학년도\2024_강의\2024_가을학기\2024_02_딥러닝기초\강의자료\2024_딥러닝기초_강의자료\01_BallBallCollision\Ball_Ball_Collision\Debug\Ball_Ball_Collision.exe
